# JRE version: Java(TM) SE Runtime Environment (10.0.2+13) (build 10.0.2+13)
# Java VM: Java HotSpot(TM) 64-Bit Server VM (10.0.2+13, mixed mode, tiered, compressed oops, g1 gc, windows-amd64)
Heap:
 garbage-first heap   total 131072K, used 57257K [0x0000000081e00000, 0x0000000100000000)
  region size 1024K, 25 young (25600K), 8 survivors (8192K)
 Metaspace       used 34769K, capacity 36200K, committed 36352K, reserved 1081344K
  class space    used 4174K, capacity 4778K, committed 4864K, reserved 1048576K
GC Heap History (10 events):
Event: 385.414 GC heap before
{Heap before GC invocations=18 (full 0):
 garbage-first heap   total 131072K, used 101097K [0x0000000081e00000, 0x0000000100000000)
  region size 1024K, 68 young (69632K), 7 survivors (7168K)
 Metaspace       used 34422K, capacity 35890K, committed 36096K, reserved 1081344K
  class space    used 4169K, capacity 4775K, committed 4864K, reserved 1048576K
}
Event: 385.427 GC heap after
{Heap after GC invocations=19 (full 0):
 garbage-first heap   total 131072K, used 38213K [0x0000000081e00000, 0x0000000100000000)
  region size 1024K, 5 young (5120K), 5 survivors (5120K)
 Metaspace       used 34422K, capacity 35890K, committed 36096K, reserved 1081344K
  class space    used 4169K, capacity 4775K, committed 4864K, reserved 1048576K
}
Event: 425.980 GC heap before
{Heap before GC invocations=19 (full 0):
 garbage-first heap   total 131072K, used 102725K [0x0000000081e00000, 0x0000000100000000)
  region size 1024K, 68 young (69632K), 5 survivors (5120K)
 Metaspace       used 34520K, capacity 36029K, committed 36352K, reserved 1081344K
  class space    used 4170K, capacity 4776K, committed 4864K, reserved 1048576K
}
Event: 425.987 GC heap after
{Heap after GC invocations=20 (full 0):
 garbage-first heap   total 131072K, used 36080K [0x0000000081e00000, 0x0000000100000000)
  region size 1024K, 3 young (3072K), 3 survivors (3072K)
 Metaspace       used 34520K, capacity 36029K, committed 36352K, reserved 1081344K
  class space    used 4170K, capacity 4776K, committed 4864K, reserved 1048576K
}
Event: 451.363 GC heap before
{Heap before GC invocations=20 (full 0):
 garbage-first heap   total 131072K, used 104688K [0x0000000081e00000, 0x0000000100000000)
  region size 1024K, 70 young (71680K), 3 survivors (3072K)
 Metaspace       used 34588K, capacity 36095K, committed 36352K, reserved 1081344K
  class space    used 4170K, capacity 4776K, committed 4864K, reserved 1048576K
}
Event: 451.370 GC heap after
{Heap after GC invocations=21 (full 0):
 garbage-first heap   total 131072K, used 36014K [0x0000000081e00000, 0x0000000100000000)
  region size 1024K, 3 young (3072K), 3 survivors (3072K)
 Metaspace       used 34588K, capacity 36095K, committed 36352K, reserved 1081344K
  class space    used 4170K, capacity 4776K, committed 4864K, reserved 1048576K
}
Event: 1437.900 GC heap before
{Heap before GC invocations=21 (full 0):
 garbage-first heap   total 131072K, used 105646K [0x0000000081e00000, 0x0000000100000000)
  region size 1024K, 71 young (72704K), 3 survivors (3072K)
 Metaspace       used 34676K, capacity 36115K, committed 36352K, reserved 1081344K
  class space    used 4171K, capacity 4776K, committed 4864K, reserved 1048576K
}
Event: 1437.914 GC heap after
{Heap after GC invocations=22 (full 0):
 garbage-first heap   total 131072K, used 37442K [0x0000000081e00000, 0x0000000100000000)
  region size 1024K, 4 young (4096K), 4 survivors (4096K)
 Metaspace       used 34676K, capacity 36115K, committed 36352K, reserved 1081344K
  class space    used 4171K, capacity 4776K, committed 4864K, reserved 1048576K
}
Event: 1469.137 GC heap before
{Heap before GC invocations=22 (full 0):
 garbage-first heap   total 131072K, used 106050K [0x0000000081e00000, 0x0000000100000000)
  region size 1024K, 71 young (72704K), 4 survivors (4096K)
 Metaspace       used 34742K, capacity 36194K, committed 36352K, reserved 1081344K
  class space    used 4171K, capacity 4776K, committed 4864K, reserved 1048576K
}
Event: 1469.152 GC heap after
{Heap after GC invocations=23 (full 0):
 garbage-first heap   total 131072K, used 40873K [0x0000000081e00000, 0x0000000100000000)
  region size 1024K, 8 young (8192K), 8 survivors (8192K)
 Metaspace       used 34742K, capacity 36194K, committed 36352K, reserved 1081344K
  class space    used 4171K, capacity 4776K, committed 4864K, reserved 1048576K
}

